<?xml version="1.0" encoding="UTF-8"?>
<!-- Generated by org.testng.reporters.JUnitReportReporter -->
<testsuite skipped="0" hostname="Sasi-PC" name="test" tests="1" failures="0" timestamp="31 Jul 2021 02:23:22 GMT" time="0.019" errors="0">
  <testcase name="test1" time="0.019" classname="test"/>
</testsuite> <!-- test -->
