<?xml version="1.0" encoding="UTF-8"?>
<!-- Generated by org.testng.reporters.JUnitReportReporter -->
<testsuite skipped="0" hostname="Sasi-PC" name="Parameterization.AutoIt" tests="1" failures="0" timestamp="06 Sep 2021 04:01:03 GMT" time="95.455" errors="0">
  <testcase name="test" time="95.455" classname="Parameterization.AutoIt"/>
</testsuite> <!-- Parameterization.AutoIt -->
