<?xml version="1.0" encoding="UTF-8"?>
<!-- Generated by org.testng.reporters.JUnitReportReporter -->
<testsuite skipped="0" hostname="Sasi-PC" name="test2" tests="5" failures="0" timestamp="31 Jul 2021 02:29:13 GMT" time="320.329" errors="0">
  <testcase name="test1" time="64.610" classname="test2"/>
  <testcase name="test1" time="64.843" classname="test2"/>
  <testcase name="test1" time="65.266" classname="test2"/>
  <testcase name="test1" time="62.704" classname="test2"/>
  <testcase name="test1" time="62.906" classname="test2"/>
</testsuite> <!-- test2 -->
