<?xml version="1.0" encoding="UTF-8"?>
<!-- Generated by org.testng.reporters.JUnitReportReporter -->
<testsuite skipped="0" hostname="Sasi-PC" name="Parameterization.Sikuli" tests="1" failures="0" timestamp="06 Sep 2021 01:45:32 GMT" time="39.981" errors="0">
  <testcase name="test" time="39.981" classname="Parameterization.Sikuli"/>
</testsuite> <!-- Parameterization.Sikuli -->
