<?xml version="1.0" encoding="UTF-8"?>
<!-- Generated by org.testng.reporters.JUnitReportReporter -->
<testsuite skipped="0" hostname="Sasi-PC" name="Parameterization.TestParameterization" tests="3" failures="0" timestamp="30 Jul 2021 04:31:50 GMT" time="0.030" errors="0">
  <testcase name="doLogin" time="0.022" classname="Parameterization.TestParameterization"/>
  <testcase name="doLogin" time="0.005" classname="Parameterization.TestParameterization"/>
  <testcase name="doLogin" time="0.003" classname="Parameterization.TestParameterization"/>
</testsuite> <!-- Parameterization.TestParameterization -->
