<?xml version="1.0" encoding="UTF-8"?>
<!-- Generated by org.testng.reporters.JUnitReportReporter -->
<testsuite skipped="6" hostname="Sasi-PC" name="TestScripts.ForthTest" tests="6" failures="0" timestamp="01 Aug 2021 03:52:38 GMT" time="0.011" errors="0">
  <testcase name="UserBookedTicket" time="0.000" classname="TestScripts.ForthTest">
    <skipped/>
  </testcase> <!-- UserBookedTicket -->
  <testcase name="UserLoggedOut" time="0.000" classname="TestScripts.ForthTest">
    <skipped/>
  </testcase> <!-- UserLoggedOut -->
  <testcase name="userLogged" time="0.000" classname="TestScripts.ForthTest">
    <skipped/>
  </testcase> <!-- userLogged -->
  <testcase name="UserRegistration" time="0.011" classname="TestScripts.ForthTest">
    <skipped/>
  </testcase> <!-- UserRegistration -->
  <testcase name="test1" classname="TestScripts.ForthTest">
    <skipped/>
  </testcase> <!-- test1 -->
  <testcase name="test" classname="TestScripts.ForthTest">
    <skipped/>
  </testcase> <!-- test -->
</testsuite> <!-- TestScripts.ForthTest -->
