<?xml version="1.0" encoding="UTF-8"?>
<!-- Generated by org.testng.reporters.JUnitReportReporter -->
<testsuite skipped="0" hostname="Sasi-PC" name="ReadingData.TestParameterization" tests="3" failures="0" timestamp="01 Aug 2021 04:13:01 GMT" time="0.059" errors="0">
  <testcase name="doLogin" time="0.043" classname="ReadingData.TestParameterization"/>
  <testcase name="doLogin" time="0.005" classname="ReadingData.TestParameterization"/>
  <testcase name="doLogin" time="0.011" classname="ReadingData.TestParameterization"/>
</testsuite> <!-- ReadingData.TestParameterization -->
