<?xml version="1.0" encoding="UTF-8"?>
<!-- Generated by org.testng.reporters.JUnitReportReporter -->
<testsuite skipped="0" hostname="Sasi-PC" name="com.ProjectName.ModuleName.TestScripts.TC004_Verify_User_Able_To_Select_DropDown" tests="2" failures="0" timestamp="11 Sep 2021 04:35:56 GMT" time="7.600" errors="2">
  <testcase name="TC001" time="7.598" classname="com.ProjectName.ModuleName.TestScripts.TC004_Verify_User_Able_To_Select_DropDown">
    <error type="org.openqa.selenium.WebDriverException" message="Unable to parse remote response: &lt;html&gt;&lt;head&gt;&lt;script src=&#039;/grid/resources/org/openqa/grid/images/jquery-3.1.1.min.js&#039;&gt;&lt;/script&gt;&lt;script src=&#039;/grid/resources/org/openqa/grid/images/consoleservlet.js&#039;&gt;&lt;/script&gt;&lt;link href=&#039;/grid/resources/org/openqa/grid/images/consoleservlet.css&#039; rel=&#039;stylesheet&#039; type=&#039;text/css&#039; /&gt;&lt;link href=&#039;/grid/resources/org/openqa/grid/images/favicon.ico&#039; rel=&#039;icon&#039; type=&#039;image/x-icon&#039; /&gt;&lt;title&gt;Grid Console&lt;/title&gt;&lt;style&gt;.busy { opacity : 0.4;filter: alpha(opacity=40);}&lt;/style&gt;&lt;/head&gt;&lt;body&gt;&lt;div id=&#039;main-content&#039;&gt;&lt;div id=&#039;header&#039;&gt;&lt;h1&gt;&lt;a href=&#039;/grid/console&#039;&gt;Selenium&lt;/a&gt;&lt;/h1&gt;&lt;h2&gt;Grid Console v.3.141.59&lt;/h2&gt;&lt;div&gt;&lt;a id=&#039;helplink&#039; target=&#039;_blank&#039; href=&#039;https://github.com/SeleniumHQ/selenium/wiki/Grid2&#039;&gt;Help&lt;/a&gt;&lt;/div&gt;&lt;/div&gt;&lt;div id=&#039;left-column&#039;&gt;&lt;div class=&#039;proxy&#039;&gt;&lt;p class=&#039;proxyname&#039;&gt;DefaultRemoteProxy (version : 3.141.59)&lt;p class=&#039;proxyid&#039;&gt;id : http://192.168.43.114:5556, OS : WIN10&lt;/p&gt;&lt;div class=&#039;tabs&#039;&gt;&lt;ul&gt;&lt;li class=&#039;tab&#039; type=&#039;browsers&#039;&gt;&lt;a title=&#039;test slots&#039; href=&#039;#&#039;&gt;Browsers&lt;/a&gt;&lt;/li&gt;&lt;li class=&#039;tab&#039; type=&#039;config&#039;&gt;&lt;a title=&#039;node configuration&#039; href=&#039;#&#039;&gt;Configuration&lt;/a&gt;&lt;/li&gt;&lt;/ul&gt;&lt;/div&gt;&lt;div class=&#039;content&#039;&gt;&lt;div type=&#039;browsers&#039; class=&#039;content_detail&#039;&gt;&lt;p class=&#039;protocol&#039; &gt;WebDriver&lt;/p&gt;&lt;p&gt;v:&lt;img src=&#039;/grid/resources/org/openqa/grid/images/chrome.png&#039; width=&#039;16&#039; height=&#039;16&#039; title=&#039;{server:CONFIG_UUID=ad054f8b-6171-4c75-bf81-60c5fe3d3cdf, seleniumProtocol=WebDriver, browserName=chrome, maxInstances=5, platformName=WIN10, platform=WIN10}&#039; /&gt;
&lt;img src=&#039;/grid/resources/org/openqa/grid/images/chrome.png&#039; width=&#039;16&#039; height=&#039;16&#039; title=&#039;{server:CONFIG_UUID=ad054f8b-6171-4c75-bf81-60c5fe3d3cdf, seleniumProtocol=WebDriver, browserName=chrome, maxInstances=5, platformName=WIN10, platform=WIN10}&#039; /&gt;
&lt;img src=&#039;/grid/resources/org/openqa/grid/images/chrome.png&#039; width=&#039;16&#039; height=&#039;16&#039; title=&#039;{server:CONFIG_UUID=ad054f8b-6171-4c75-bf81-60c5fe3d3cdf, seleniumProtocol=WebDriver, browserName=chrome, maxInstances=5, platformName=WIN10, platform=WIN10}&#039; /&gt;
&lt;img src=&#039;/grid/resources/org/openqa/grid/images/chrome.png&#039; width=&#039;16&#039; height=&#039;16&#039; title=&#039;{server:CONFIG_UUID=ad054f8b-6171-4c75-bf81-60c5fe3d3cdf, seleniumProtocol=WebDriver, browserName=chrome, maxInstances=5, platformName=WIN10, platform=WIN10}&#039; /&gt;
&lt;img src=&#039;/grid/resources/org/openqa/grid/images/chrome.png&#039; width=&#039;16&#039; height=&#039;16&#039; title=&#039;{server:CONFIG_UUID=ad054f8b-6171-4c75-bf81-60c5fe3d3cdf, seleniumProtocol=WebDriver, browserName=chrome, maxInstances=5, platformName=WIN10, platform=WIN10}&#039; /&gt;
&lt;/p&gt;&lt;/div&gt;&lt;div type=&#039;config&#039; class=&#039;content_detail&#039;&gt;&lt;p&gt;browserTimeout: 0&lt;/p&gt;&lt;p&gt;debug: false&lt;/p&gt;&lt;p&gt;host: 192.168.43.114&lt;/p&gt;&lt;p&gt;port: 5556&lt;/p&gt;&lt;p&gt;role: node&lt;/p&gt;&lt;p&gt;timeout: 1800&lt;/p&gt;&lt;p&gt;cleanUpCycle: 5000&lt;/p&gt;&lt;p&gt;maxSession: 5&lt;/p&gt;&lt;p&gt;capabilities: Capabilities {browserName: firefox, maxInstances: 0, platform: WIN10, platformName: WIN10, seleniumProtocol: WebDriver, server:CONFIG_UUID: 1608ad4c-5015-4065-8a7e-0be...}&lt;/p&gt;&lt;p&gt;capabilities: Capabilities {browserName: chrome, maxInstances: 5, platform: WIN10, platformName: WIN10, seleniumProtocol: WebDriver, server:CONFIG_UUID: ad054f8b-6171-4c75-bf81-60c...}&lt;/p&gt;&lt;p&gt;downPollingLimit: 2&lt;/p&gt;&lt;p&gt;hub: http://localhost:4444&lt;/p&gt;&lt;p&gt;id: http://192.168.43.114:5556&lt;/p&gt;&lt;p&gt;nodePolling: 5000&lt;/p&gt;&lt;p&gt;nodeStatusCheckTimeout: 5000&lt;/p&gt;&lt;p&gt;proxy: org.openqa.grid.selenium.proxy.DefaultRemoteProxy&lt;/p&gt;&lt;p&gt;register: true&lt;/p&gt;&lt;p&gt;registerCycle: 5000&lt;/p&gt;&lt;p&gt;remoteHost: http://192.168.43.114:5556&lt;/p&gt;&lt;p&gt;unregisterIfStillDownAfter: 60000&lt;/p&gt;&lt;/div&gt;&lt;/div&gt;&lt;/div&gt;&lt;/div&gt;&lt;div id=&#039;right-column&#039;&gt;&lt;div class=&#039;proxy&#039;&gt;&lt;p class=&#039;proxyname&#039;&gt;DefaultRemoteProxy (version : 3.141.59)&lt;p class=&#039;proxyid&#039;&gt;id : http://192.168.43.114:5555, OS : WIN10&lt;/p&gt;&lt;div class=&#039;tabs&#039;&gt;&lt;ul&gt;&lt;li class=&#039;tab&#039; type=&#039;browsers&#039;&gt;&lt;a title=&#039;test slots&#039; href=&#039;#&#039;&gt;Browsers&lt;/a&gt;&lt;/li&gt;&lt;li class=&#039;tab&#039; type=&#039;config&#039;&gt;&lt;a title=&#039;node configuration&#039; href=&#039;#&#039;&gt;Configuration&lt;/a&gt;&lt;/li&gt;&lt;/ul&gt;&lt;/div&gt;&lt;div class=&#039;content&#039;&gt;&lt;div type=&#039;browsers&#039; class=&#039;content_detail&#039;&gt;&lt;p class=&#039;protocol&#039; &gt;WebDriver&lt;/p&gt;&lt;p&gt;v:&lt;img src=&#039;/grid/resources/org/openqa/grid/images/firefox.png&#039; width=&#039;16&#039; height=&#039;16&#039; title=&#039;{server:CONFIG_UUID=3b8fe7c7-9925-47f4-b714-1d5fff97625d, seleniumProtocol=WebDriver, browserName=firefox, maxInstances=3, platformName=WIN10, platform=WIN10}&#039; /&gt;
&lt;img src=&#039;/grid/resources/org/openqa/grid/images/firefox.png&#039; width=&#039;16&#039; height=&#039;16&#039; title=&#039;{server:CONFIG_UUID=3b8fe7c7-9925-47f4-b714-1d5fff97625d, seleniumProtocol=WebDriver, browserName=firefox, maxInstances=3, platformName=WIN10, platform=WIN10}&#039; /&gt;
&lt;img src=&#039;/grid/resources/org/openqa/grid/images/firefox.png&#039; width=&#039;16&#039; height=&#039;16&#039; title=&#039;{server:CONFIG_UUID=3b8fe7c7-9925-47f4-b714-1d5fff97625d, seleniumProtocol=WebDriver, browserName=firefox, maxInstances=3, platformName=WIN10, platform=WIN10}&#039; /&gt;
&lt;/p&gt;&lt;/div&gt;&lt;div type=&#039;config&#039; class=&#039;content_detail&#039;&gt;&lt;p&gt;browserTimeout: 0&lt;/p&gt;&lt;p&gt;debug: false&lt;/p&gt;&lt;p&gt;host: 192.168.43.114&lt;/p&gt;&lt;p&gt;port: 5555&lt;/p&gt;&lt;p&gt;role: node&lt;/p&gt;&lt;p&gt;timeout: 1800&lt;/p&gt;&lt;p&gt;cleanUpCycle: 5000&lt;/p&gt;&lt;p&gt;maxSession: 5&lt;/p&gt;&lt;p&gt;capabilities: Capabilities {browserName: firefox, maxInstances: 3, platform: WIN10, platformName: WIN10, seleniumProtocol: WebDriver, server:CONFIG_UUID: 3b8fe7c7-9925-47f4-b714-1d5...}&lt;/p&gt;&lt;p&gt;capabilities: Capabilities {browserName: chrome, maxInstances: 0, platform: WIN10, platformName: WIN10, seleniumProtocol: WebDriver, server:CONFIG_UUID: b23dab87-e21d-41f4-8044-e5b...}&lt;/p&gt;&lt;p&gt;downPollingLimit: 2&lt;/p&gt;&lt;p&gt;hub: http://localhost:4444&lt;/p&gt;&lt;p&gt;id: http://192.168.43.114:5555&lt;/p&gt;&lt;p&gt;nodePolling: 5000&lt;/p&gt;&lt;p&gt;nodeStatusCheckTimeout: 5000&lt;/p&gt;&lt;p&gt;proxy: org.openqa.grid.selenium.proxy.DefaultRemoteProxy&lt;/p&gt;&lt;p&gt;register: true&lt;/p&gt;&lt;p&gt;registerCycle: 5000&lt;/p&gt;&lt;p&gt;remoteHost: http://192.168.43.114:5555&lt;/p&gt;&lt;p&gt;unregisterIfStillDownAfter: 60000&lt;/p&gt;&lt;/div&gt;&lt;/div&gt;&lt;/div&gt;&lt;/div&gt;&lt;div class=&#039;clearfix&#039;&gt;&lt;/div&gt;&lt;div&gt;&lt;ul&gt;&lt;/ul&gt;&lt;/div&gt;&lt;div id=&#039;hub-config-container&#039;&gt;&lt;div id=&#039;hub-config-content&#039;&gt;&lt;b&gt;Config for the hub :&lt;/b&gt;&lt;br/&gt;&lt;abbr title=&#039;browserTimeout&#039;&gt;browserTimeout : &lt;/abbr&gt;0&lt;/br&gt;&lt;abbr title=&#039;debug&#039;&gt;debug : &lt;/abbr&gt;false&lt;/br&gt;&lt;abbr title=&#039;host&#039;&gt;host : &lt;/abbr&gt;192.168.43.114&lt;/br&gt;&lt;abbr title=&#039;port&#039;&gt;port : &lt;/abbr&gt;4444&lt;/br&gt;&lt;abbr title=&#039;role&#039;&gt;role : &lt;/abbr&gt;hub&lt;/br&gt;&lt;abbr title=&#039;timeout&#039;&gt;timeout : &lt;/abbr&gt;1800&lt;/br&gt;&lt;abbr title=&#039;cleanUpCycle&#039;&gt;cleanUpCycle : &lt;/abbr&gt;5000&lt;/br&gt;&lt;abbr title=&#039;capabilityMatcher&#039;&gt;capabilityMatcher : &lt;/abbr&gt;org.openqa.grid.internal.utils.DefaultCapabilityMatcher&lt;/br&gt;&lt;abbr title=&#039;newSessionWaitTimeout&#039;&gt;newSessionWaitTimeout : &lt;/abbr&gt;-1&lt;/br&gt;&lt;abbr title=&#039;throwOnCapabilityNotPresent&#039;&gt;throwOnCapabilityNotPresent : &lt;/abbr&gt;true&lt;/br&gt;&lt;abbr title=&#039;registry&#039;&gt;registry : &lt;/abbr&gt;org.openqa.grid.internal.DefaultGridRegistry&lt;/br&gt;&lt;div id=&#039;verbose-config-container&#039;&gt;&lt;a id=&#039;verbose-config-view-toggle&#039; href=&#039;#&#039;&gt;View Verbose&lt;/a&gt;&lt;div id=&#039;verbose-config-content&#039;&gt;&lt;br/&gt;&lt;b&gt;The final configuration comes from:&lt;/b&gt;&lt;br/&gt;&lt;b&gt;the default :&lt;/b&gt;&lt;br/&gt;&lt;abbr title=&#039;browserTimeout&#039;&gt;browserTimeout : &lt;/abbr&gt;0&lt;/br&gt;&lt;abbr title=&#039;debug&#039;&gt;debug : &lt;/abbr&gt;false&lt;/br&gt;&lt;abbr title=&#039;host&#039;&gt;host : &lt;/abbr&gt;0.0.0.0&lt;/br&gt;&lt;abbr title=&#039;port&#039;&gt;port : &lt;/abbr&gt;4444&lt;/br&gt;&lt;abbr title=&#039;role&#039;&gt;role : &lt;/abbr&gt;hub&lt;/br&gt;&lt;abbr title=&#039;timeout&#039;&gt;timeout : &lt;/abbr&gt;1800&lt;/br&gt;&lt;abbr title=&#039;cleanUpCycle&#039;&gt;cleanUpCycle : &lt;/abbr&gt;5000&lt;/br&gt;&lt;abbr title=&#039;capabilityMatcher&#039;&gt;capabilityMatcher : &lt;/abbr&gt;org.openqa.grid.internal.utils.DefaultCapabilityMatcher&lt;/br&gt;&lt;abbr title=&#039;newSessionWaitTimeout&#039;&gt;newSessionWaitTimeout : &lt;/abbr&gt;-1&lt;/br&gt;&lt;abbr title=&#039;throwOnCapabilityNotPresent&#039;&gt;throwOnCapabilityNotPresent : &lt;/abbr&gt;true&lt;/br&gt;&lt;abbr title=&#039;registry&#039;&gt;registry : &lt;/abbr&gt;org.openqa.grid.internal.DefaultGridRegistry&lt;/br&gt;&lt;b&gt;updated with command line options:&lt;/b&gt;&lt;br/&gt;-role hub -hubConfig hub.json&lt;br/&gt;&lt;b&gt;and configuration loaded from hub.json:&lt;/b&gt;&lt;br/&gt;{&lt;br/&gt;&lt;br/&gt;  &quot;port&quot;: 4444,&lt;br/&gt;  &quot;newSessionWaitTimeout&quot;: -1,&lt;br/&gt;  &quot;servlets&quot; : [],&lt;br/&gt;  &quot;withoutServlets&quot;: [],&lt;br/&gt;  &quot;custom&quot;: {},&lt;br/&gt;  &quot;capabilityMatcher&quot;: &quot;org.openqa.grid.internal.utils.DefaultCapabilityMatcher&quot;,&lt;br/&gt;  &quot;throwOnCapabilityNotPresent&quot;: true,&lt;br/&gt;  &quot;cleanUpCycle&quot;: 5000,&lt;br/&gt;  &quot;role&quot;: &quot;hub&quot;,&lt;br/&gt;  &quot;debug&quot;: false,&lt;br/&gt;  &quot;browserTimeout&quot;: 0,&lt;br/&gt;  &quot;timeout&quot;: 1800&lt;br/&gt;&lt;br/&gt;&lt;br/&gt;}&lt;/div&gt;&lt;/div&gt;&lt;/div&gt;&lt;a id=&#039;config-view-toggle&#039; href=&#039;#&#039;&gt;View Config&lt;/a&gt;&lt;/div&gt;&lt;/div&gt;&lt;/body&gt;&lt;/html&gt;">
      <![CDATA[org.openqa.selenium.WebDriverException: Unable to parse remote response: <html><head><script src='/grid/resources/org/openqa/grid/images/jquery-3.1.1.min.js'></script><script src='/grid/resources/org/openqa/grid/images/consoleservlet.js'></script><link href='/grid/resources/org/openqa/grid/images/consoleservlet.css' rel='stylesheet' type='text/css' /><link href='/grid/resources/org/openqa/grid/images/favicon.ico' rel='icon' type='image/x-icon' /><title>Grid Console</title><style>.busy { opacity : 0.4;filter: alpha(opacity=40);}</style></head><body><div id='main-content'><div id='header'><h1><a href='/grid/console'>Selenium</a></h1><h2>Grid Console v.3.141.59</h2><div><a id='helplink' target='_blank' href='https://github.com/SeleniumHQ/selenium/wiki/Grid2'>Help</a></div></div><div id='left-column'><div class='proxy'><p class='proxyname'>DefaultRemoteProxy (version : 3.141.59)<p class='proxyid'>id : http://192.168.43.114:5556, OS : WIN10</p><div class='tabs'><ul><li class='tab' type='browsers'><a title='test slots' href='#'>Browsers</a></li><li class='tab' type='config'><a title='node configuration' href='#'>Configuration</a></li></ul></div><div class='content'><div type='browsers' class='content_detail'><p class='protocol' >WebDriver</p><p>v:<img src='/grid/resources/org/openqa/grid/images/chrome.png' width='16' height='16' title='{server:CONFIG_UUID=ad054f8b-6171-4c75-bf81-60c5fe3d3cdf, seleniumProtocol=WebDriver, browserName=chrome, maxInstances=5, platformName=WIN10, platform=WIN10}' />
<img src='/grid/resources/org/openqa/grid/images/chrome.png' width='16' height='16' title='{server:CONFIG_UUID=ad054f8b-6171-4c75-bf81-60c5fe3d3cdf, seleniumProtocol=WebDriver, browserName=chrome, maxInstances=5, platformName=WIN10, platform=WIN10}' />
<img src='/grid/resources/org/openqa/grid/images/chrome.png' width='16' height='16' title='{server:CONFIG_UUID=ad054f8b-6171-4c75-bf81-60c5fe3d3cdf, seleniumProtocol=WebDriver, browserName=chrome, maxInstances=5, platformName=WIN10, platform=WIN10}' />
<img src='/grid/resources/org/openqa/grid/images/chrome.png' width='16' height='16' title='{server:CONFIG_UUID=ad054f8b-6171-4c75-bf81-60c5fe3d3cdf, seleniumProtocol=WebDriver, browserName=chrome, maxInstances=5, platformName=WIN10, platform=WIN10}' />
<img src='/grid/resources/org/openqa/grid/images/chrome.png' width='16' height='16' title='{server:CONFIG_UUID=ad054f8b-6171-4c75-bf81-60c5fe3d3cdf, seleniumProtocol=WebDriver, browserName=chrome, maxInstances=5, platformName=WIN10, platform=WIN10}' />
</p></div><div type='config' class='content_detail'><p>browserTimeout: 0</p><p>debug: false</p><p>host: 192.168.43.114</p><p>port: 5556</p><p>role: node</p><p>timeout: 1800</p><p>cleanUpCycle: 5000</p><p>maxSession: 5</p><p>capabilities: Capabilities {browserName: firefox, maxInstances: 0, platform: WIN10, platformName: WIN10, seleniumProtocol: WebDriver, server:CONFIG_UUID: 1608ad4c-5015-4065-8a7e-0be...}</p><p>capabilities: Capabilities {browserName: chrome, maxInstances: 5, platform: WIN10, platformName: WIN10, seleniumProtocol: WebDriver, server:CONFIG_UUID: ad054f8b-6171-4c75-bf81-60c...}</p><p>downPollingLimit: 2</p><p>hub: http://localhost:4444</p><p>id: http://192.168.43.114:5556</p><p>nodePolling: 5000</p><p>nodeStatusCheckTimeout: 5000</p><p>proxy: org.openqa.grid.selenium.proxy.DefaultRemoteProxy</p><p>register: true</p><p>registerCycle: 5000</p><p>remoteHost: http://192.168.43.114:5556</p><p>unregisterIfStillDownAfter: 60000</p></div></div></div></div><div id='right-column'><div class='proxy'><p class='proxyname'>DefaultRemoteProxy (version : 3.141.59)<p class='proxyid'>id : http://192.168.43.114:5555, OS : WIN10</p><div class='tabs'><ul><li class='tab' type='browsers'><a title='test slots' href='#'>Browsers</a></li><li class='tab' type='config'><a title='node configuration' href='#'>Configuration</a></li></ul></div><div class='content'><div type='browsers' class='content_detail'><p class='protocol' >WebDriver</p><p>v:<img src='/grid/resources/org/openqa/grid/images/firefox.png' width='16' height='16' title='{server:CONFIG_UUID=3b8fe7c7-9925-47f4-b714-1d5fff97625d, seleniumProtocol=WebDriver, browserName=firefox, maxInstances=3, platformName=WIN10, platform=WIN10}' />
<img src='/grid/resources/org/openqa/grid/images/firefox.png' width='16' height='16' title='{server:CONFIG_UUID=3b8fe7c7-9925-47f4-b714-1d5fff97625d, seleniumProtocol=WebDriver, browserName=firefox, maxInstances=3, platformName=WIN10, platform=WIN10}' />
<img src='/grid/resources/org/openqa/grid/images/firefox.png' width='16' height='16' title='{server:CONFIG_UUID=3b8fe7c7-9925-47f4-b714-1d5fff97625d, seleniumProtocol=WebDriver, browserName=firefox, maxInstances=3, platformName=WIN10, platform=WIN10}' />
</p></div><div type='config' class='content_detail'><p>browserTimeout: 0</p><p>debug: false</p><p>host: 192.168.43.114</p><p>port: 5555</p><p>role: node</p><p>timeout: 1800</p><p>cleanUpCycle: 5000</p><p>maxSession: 5</p><p>capabilities: Capabilities {browserName: firefox, maxInstances: 3, platform: WIN10, platformName: WIN10, seleniumProtocol: WebDriver, server:CONFIG_UUID: 3b8fe7c7-9925-47f4-b714-1d5...}</p><p>capabilities: Capabilities {browserName: chrome, maxInstances: 0, platform: WIN10, platformName: WIN10, seleniumProtocol: WebDriver, server:CONFIG_UUID: b23dab87-e21d-41f4-8044-e5b...}</p><p>downPollingLimit: 2</p><p>hub: http://localhost:4444</p><p>id: http://192.168.43.114:5555</p><p>nodePolling: 5000</p><p>nodeStatusCheckTimeout: 5000</p><p>proxy: org.openqa.grid.selenium.proxy.DefaultRemoteProxy</p><p>register: true</p><p>registerCycle: 5000</p><p>remoteHost: http://192.168.43.114:5555</p><p>unregisterIfStillDownAfter: 60000</p></div></div></div></div><div class='clearfix'></div><div><ul></ul></div><div id='hub-config-container'><div id='hub-config-content'><b>Config for the hub :</b><br/><abbr title='browserTimeout'>browserTimeout : </abbr>0</br><abbr title='debug'>debug : </abbr>false</br><abbr title='host'>host : </abbr>192.168.43.114</br><abbr title='port'>port : </abbr>4444</br><abbr title='role'>role : </abbr>hub</br><abbr title='timeout'>timeout : </abbr>1800</br><abbr title='cleanUpCycle'>cleanUpCycle : </abbr>5000</br><abbr title='capabilityMatcher'>capabilityMatcher : </abbr>org.openqa.grid.internal.utils.DefaultCapabilityMatcher</br><abbr title='newSessionWaitTimeout'>newSessionWaitTimeout : </abbr>-1</br><abbr title='throwOnCapabilityNotPresent'>throwOnCapabilityNotPresent : </abbr>true</br><abbr title='registry'>registry : </abbr>org.openqa.grid.internal.DefaultGridRegistry</br><div id='verbose-config-container'><a id='verbose-config-view-toggle' href='#'>View Verbose</a><div id='verbose-config-content'><br/><b>The final configuration comes from:</b><br/><b>the default :</b><br/><abbr title='browserTimeout'>browserTimeout : </abbr>0</br><abbr title='debug'>debug : </abbr>false</br><abbr title='host'>host : </abbr>0.0.0.0</br><abbr title='port'>port : </abbr>4444</br><abbr title='role'>role : </abbr>hub</br><abbr title='timeout'>timeout : </abbr>1800</br><abbr title='cleanUpCycle'>cleanUpCycle : </abbr>5000</br><abbr title='capabilityMatcher'>capabilityMatcher : </abbr>org.openqa.grid.internal.utils.DefaultCapabilityMatcher</br><abbr title='newSessionWaitTimeout'>newSessionWaitTimeout : </abbr>-1</br><abbr title='throwOnCapabilityNotPresent'>throwOnCapabilityNotPresent : </abbr>true</br><abbr title='registry'>registry : </abbr>org.openqa.grid.internal.DefaultGridRegistry</br><b>updated with command line options:</b><br/>-role hub -hubConfig hub.json<br/><b>and configuration loaded from hub.json:</b><br/>{<br/><br/>  "port": 4444,<br/>  "newSessionWaitTimeout": -1,<br/>  "servlets" : [],<br/>  "withoutServlets": [],<br/>  "custom": {},<br/>  "capabilityMatcher": "org.openqa.grid.internal.utils.DefaultCapabilityMatcher",<br/>  "throwOnCapabilityNotPresent": true,<br/>  "cleanUpCycle": 5000,<br/>  "role": "hub",<br/>  "debug": false,<br/>  "browserTimeout": 0,<br/>  "timeout": 1800<br/><br/><br/>}</div></div></div><a id='config-view-toggle' href='#'>View Config</a></div></div></body></html>
	at org.openqa.selenium.remote.ProtocolHandshake.createSession(ProtocolHandshake.java:115)
	at org.openqa.selenium.remote.ProtocolHandshake.createSession(ProtocolHandshake.java:74)
	at org.openqa.selenium.remote.HttpCommandExecutor.execute(HttpCommandExecutor.java:136)
	at org.openqa.selenium.remote.RemoteWebDriver.execute(RemoteWebDriver.java:552)
	at org.openqa.selenium.remote.RemoteWebDriver.startSession(RemoteWebDriver.java:213)
	at org.openqa.selenium.remote.RemoteWebDriver.<init>(RemoteWebDriver.java:131)
	at org.openqa.selenium.remote.RemoteWebDriver.<init>(RemoteWebDriver.java:144)
	at com.ProjectName.ModuleName.TestScripts.BaseTest.openBrowser(BaseTest.java:195)
	at com.ProjectName.ModuleName.TestScripts.TC004_Verify_User_Able_To_Select_DropDown.TC001(TC004_Verify_User_Able_To_Select_DropDown.java:25)
	at sun.reflect.NativeMethodAccessorImpl.invoke0(Native Method)
	at sun.reflect.NativeMethodAccessorImpl.invoke(NativeMethodAccessorImpl.java:62)
	at sun.reflect.DelegatingMethodAccessorImpl.invoke(DelegatingMethodAccessorImpl.java:43)
	at java.lang.reflect.Method.invoke(Method.java:498)
	at org.testng.internal.MethodInvocationHelper.invokeMethod(MethodInvocationHelper.java:108)
	at org.testng.internal.Invoker.invokeMethod(Invoker.java:661)
	at org.testng.internal.Invoker.invokeTestMethod(Invoker.java:869)
	at org.testng.internal.Invoker.invokeTestMethods(Invoker.java:1193)
	at org.testng.internal.TestMethodWorker.invokeTestMethods(TestMethodWorker.java:126)
	at org.testng.internal.TestMethodWorker.run(TestMethodWorker.java:109)
	at org.testng.TestRunner.privateRun(TestRunner.java:744)
	at org.testng.TestRunner.run(TestRunner.java:602)
	at org.testng.SuiteRunner.runTest(SuiteRunner.java:380)
	at org.testng.SuiteRunner.runSequentially(SuiteRunner.java:375)
	at org.testng.SuiteRunner.privateRun(SuiteRunner.java:340)
	at org.testng.SuiteRunner.run(SuiteRunner.java:289)
	at org.testng.SuiteRunnerWorker.runSuite(SuiteRunnerWorker.java:52)
	at org.testng.SuiteRunnerWorker.run(SuiteRunnerWorker.java:86)
	at org.testng.TestNG.runSuitesSequentially(TestNG.java:1301)
	at org.testng.TestNG.runSuitesLocally(TestNG.java:1226)
	at org.testng.TestNG.runSuites(TestNG.java:1144)
	at org.testng.TestNG.run(TestNG.java:1115)
	at org.testng.remote.AbstractRemoteTestNG.run(AbstractRemoteTestNG.java:114)
	at org.testng.remote.RemoteTestNG.initAndRun(RemoteTestNG.java:251)
	at org.testng.remote.RemoteTestNG.main(RemoteTestNG.java:77)
Caused by: org.openqa.selenium.json.JsonException: Unable to determine type from: <. Last 1 characters read: <
Build info: version: '3.141.59', revision: 'e82be7d358', time: '2018-11-14T08:17:03'
System info: host: 'SASI-PC', ip: '192.168.43.114', os.name: 'Windows 10', os.arch: 'amd64', os.version: '10.0', java.version: '1.8.0_201'
Driver info: driver.version: RemoteWebDriver
	at org.openqa.selenium.json.JsonInput.peek(JsonInput.java:122)
	at org.openqa.selenium.json.JsonTypeCoercer.lambda$null$6(JsonTypeCoercer.java:140)
	at org.openqa.selenium.json.JsonTypeCoercer.coerce(JsonTypeCoercer.java:126)
	at org.openqa.selenium.json.Json.toType(Json.java:69)
	at org.openqa.selenium.json.Json.toType(Json.java:55)
	at org.openqa.selenium.json.Json.toType(Json.java:50)
	at org.openqa.selenium.remote.ProtocolHandshake.createSession(ProtocolHandshake.java:112)
	... 33 more
]]>
    </error>
  </testcase> <!-- TC001 -->
  <testcase name="tearDown" time="0.002" classname="com.ProjectName.ModuleName.TestScripts.TC004_Verify_User_Able_To_Select_DropDown">
    <error type="java.lang.NullPointerException">
      <![CDATA[java.lang.NullPointerException
	at com.ProjectName.ModuleName.TestScripts.BaseTest.quit(BaseTest.java:242)
	at com.ProjectName.ModuleName.TestScripts.TC004_Verify_User_Able_To_Select_DropDown.tearDown(TC004_Verify_User_Able_To_Select_DropDown.java:38)
	at sun.reflect.NativeMethodAccessorImpl.invoke0(Native Method)
	at sun.reflect.NativeMethodAccessorImpl.invoke(NativeMethodAccessorImpl.java:62)
	at sun.reflect.DelegatingMethodAccessorImpl.invoke(DelegatingMethodAccessorImpl.java:43)
	at java.lang.reflect.Method.invoke(Method.java:498)
	at org.testng.internal.MethodInvocationHelper.invokeMethod(MethodInvocationHelper.java:108)
	at org.testng.internal.Invoker.invokeConfigurationMethod(Invoker.java:523)
	at org.testng.internal.Invoker.invokeConfigurations(Invoker.java:224)
	at org.testng.internal.Invoker.invokeMethod(Invoker.java:723)
	at org.testng.internal.Invoker.invokeTestMethod(Invoker.java:869)
	at org.testng.internal.Invoker.invokeTestMethods(Invoker.java:1193)
	at org.testng.internal.TestMethodWorker.invokeTestMethods(TestMethodWorker.java:126)
	at org.testng.internal.TestMethodWorker.run(TestMethodWorker.java:109)
	at org.testng.TestRunner.privateRun(TestRunner.java:744)
	at org.testng.TestRunner.run(TestRunner.java:602)
	at org.testng.SuiteRunner.runTest(SuiteRunner.java:380)
	at org.testng.SuiteRunner.runSequentially(SuiteRunner.java:375)
	at org.testng.SuiteRunner.privateRun(SuiteRunner.java:340)
	at org.testng.SuiteRunner.run(SuiteRunner.java:289)
	at org.testng.SuiteRunnerWorker.runSuite(SuiteRunnerWorker.java:52)
	at org.testng.SuiteRunnerWorker.run(SuiteRunnerWorker.java:86)
	at org.testng.TestNG.runSuitesSequentially(TestNG.java:1301)
	at org.testng.TestNG.runSuitesLocally(TestNG.java:1226)
	at org.testng.TestNG.runSuites(TestNG.java:1144)
	at org.testng.TestNG.run(TestNG.java:1115)
	at org.testng.remote.AbstractRemoteTestNG.run(AbstractRemoteTestNG.java:114)
	at org.testng.remote.RemoteTestNG.initAndRun(RemoteTestNG.java:251)
	at org.testng.remote.RemoteTestNG.main(RemoteTestNG.java:77)
]]>
    </error>
  </testcase> <!-- tearDown -->
</testsuite> <!-- com.ProjectName.ModuleName.TestScripts.TC004_Verify_User_Able_To_Select_DropDown -->
