<?xml version="1.0" encoding="UTF-8"?>
<!-- Generated by org.testng.reporters.JUnitReportReporter -->
<testsuite skipped="0" hostname="Sasi-PC" name="Parameterization.Sikuli" tests="1" failures="0" timestamp="06 Sep 2021 04:10:32 GMT" time="34.807" errors="0">
  <testcase name="test" time="34.807" classname="Parameterization.Sikuli"/>
</testsuite> <!-- Parameterization.Sikuli -->
