<?xml version="1.0" encoding="UTF-8"?>
<!-- Generated by org.testng.reporters.JUnitReportReporter -->
<testsuite skipped="0" hostname="Sasi-PC" name="Parameterization.TestParameterizationFromExcelWithHashTable" tests="6" failures="0" timestamp="30 Jul 2021 04:53:40 GMT" time="0.035" errors="0">
  <testcase name="doLogin" time="0.018" classname="Parameterization.TestParameterizationFromExcelWithHashTable"/>
  <testcase name="doLogin" time="0.004" classname="Parameterization.TestParameterizationFromExcelWithHashTable"/>
  <testcase name="doLogin" time="0.003" classname="Parameterization.TestParameterizationFromExcelWithHashTable"/>
  <testcase name="doLogin" time="0.004" classname="Parameterization.TestParameterizationFromExcelWithHashTable"/>
  <testcase name="doLogin" time="0.004" classname="Parameterization.TestParameterizationFromExcelWithHashTable"/>
  <testcase name="doLogin" time="0.002" classname="Parameterization.TestParameterizationFromExcelWithHashTable"/>
</testsuite> <!-- Parameterization.TestParameterizationFromExcelWithHashTable -->
