<?xml version="1.0" encoding="UTF-8"?>
<!-- Generated by org.testng.reporters.JUnitReportReporter -->
<testsuite skipped="0" hostname="Sasi-PC" name="com.ProjectName.ModuleName.TestScripts.TC001_Verify_User_Able_Login_Successfully" tests="1" failures="0" timestamp="03 Aug 2021 03:44:34 GMT" time="39.491" errors="0">
  <testcase name="TC001" time="39.491" classname="com.ProjectName.ModuleName.TestScripts.TC001_Verify_User_Able_Login_Successfully"/>
</testsuite> <!-- com.ProjectName.ModuleName.TestScripts.TC001_Verify_User_Able_Login_Successfully -->
