<?xml version="1.0" encoding="UTF-8"?>
<!-- Generated by org.testng.reporters.JUnitReportReporter -->
<testsuite skipped="0" hostname="Sasi-PC" name="com.ProjectName.ModuleName.TestScripts.TC004_Verify_User_Able_To_Select_DropDown" tests="1" failures="0" timestamp="14 Sep 2021 04:51:29 GMT" time="115.977" errors="0">
  <testcase name="TC001" time="115.977" classname="com.ProjectName.ModuleName.TestScripts.TC004_Verify_User_Able_To_Select_DropDown"/>
</testsuite> <!-- com.ProjectName.ModuleName.TestScripts.TC004_Verify_User_Able_To_Select_DropDown -->
