<?xml version="1.0" encoding="UTF-8"?>
<!-- Generated by org.testng.reporters.JUnitReportReporter -->
<testsuite skipped="0" hostname="Sasi-PC" name="com.ProjectName.ModuleName.TestScripts.TC004_Verify_User_Able_To_Select_DropDown" tests="1" failures="0" timestamp="11 Sep 2021 05:03:17 GMT" time="114.246" errors="0">
  <testcase name="TC001" time="114.246" classname="com.ProjectName.ModuleName.TestScripts.TC004_Verify_User_Able_To_Select_DropDown"/>
</testsuite> <!-- com.ProjectName.ModuleName.TestScripts.TC004_Verify_User_Able_To_Select_DropDown -->
